[16:20:30:492] [Music Triggers/INFO ]: Global[Data]: Initializing client channel data
[16:20:30:513] [Music Triggers/INFO ]: ConfigMapper[7.0.4]: Set latest config version to 7.0.4
[16:20:30:526] [Music Triggers/INFO ]: ConfigMapper[7.0.4]: Config version is up to date
[16:20:30:716] [Music Triggers/INFO ]: Global[Data]: Parsing global data
[16:20:30:811] [Music Triggers/INFO ]: CLIENT | Channel[example]: Successfully registered
[16:20:31:996] [Music Triggers/INFO ]: CLIENT | Channel[data(example)]: Parsing local data
[16:20:31:997] [Music Triggers/WARN ]: CLIENT | Channel[data(example)]: No lines were read in from config/MusicTriggers/example/redirect.txt
[16:20:32:009] [Music Triggers/INFO ]: CLIENT | Channel[example]: Intialized universal trigger data
[16:20:32:012] [Music Triggers/WARN ]: CLIENT | Channel[data(example)]: No lines were read in from config/MusicTriggers/example/jukebox.txt
[16:20:32:019] [Music Triggers/DEBUG]: CLIENT | Channel[data(example)]: Appending 2 universal types
[16:20:32:019] [Music Triggers/INFO ]: CLIENT | Channel[data(example)]: Finished parsing local data
[16:20:32:019] [Music Triggers/INFO ]: CLIENT | Channel[data(example)]: Setting up link targets
[16:20:32:019] [Music Triggers/INFO ]: Global[Data]: Finished parsing channel data
[16:20:32:027] [Music Triggers/INFO ]: Global[Data]: Finished parsing toggles
[16:20:32:032] [Music Triggers/INFO ]: JUKEBOX | Channel[jukebox]: Successfully registered
[16:20:32:216] [Music Triggers/INFO ]: PREVIEW | Channel[preview]: Successfully registered
[16:20:32:381] [Music Triggers/INFO ]: Global[Data]: Attempting to load stored audio references
[16:20:32:387] [Music Triggers/DEBUG]: CLIENT | Channel[example]: Setting master volume to 50.331127%
[16:20:32:387] [Music Triggers/DEBUG]: CLIENT | Channel[example]: Setting category volume to 25.821596%
[16:20:32:388] [Music Triggers/INFO ]: CLIENT | Channel[data(example)]: Loading 0 audio tracks
[16:20:32:838] [Music Triggers/INFO ]: CLIENT | Channel[example]: Successfully registered resource audio manager
[16:20:32:838] [Music Triggers/INFO ]: CLIENT | Channel[example]: Finding resource tracks that need loading
[16:21:27:654] [Music Triggers/INFO ]: Global[Data]: Constructued init message
[16:21:27:660] [Music Triggers/INFO ]: Global[Data]: Decodeded init message on the server side
[16:21:27:771] [Music Triggers/INFO ]: SERVER | Channel[example]: Successfully registered
[16:21:27:771] [Music Triggers/INFO ]: SERVER | Channel[data(example)]: Loading external data
[16:21:27:771] [Music Triggers/INFO ]: SERVER | Channel[example]: Intialized universal trigger data
[16:21:27:771] [Music Triggers/DEBUG]: SERVER | Channel[data(example)]: Appending 2 universal types
[16:21:27:771] [Music Triggers/INFO ]: SERVER | Channel[data(example)]: Finished loading external data
[16:21:27:771] [Music Triggers/INFO ]: SERVER | Channel[data(example)]: Setting up link targets
[16:21:27:771] [Music Triggers/INFO ]: Global[Data]: Finished loading external channel data
[16:21:27:772] [Music Triggers/INFO ]: SERVER | Channel[example]: Trigger[server_context]: Initializing syncable server side data
[16:21:27:772] [Music Triggers/INFO ]: Global[Data]: SENDING FINISHED INIT MESSAGE
[16:21:27:780] [Music Triggers/INFO ]: Global[Data]: Connected on the SERVER side
[16:21:27:780] [Music Triggers/INFO ]: Global[Data]: onConnected world data for c9047ec1-998e-4684-b9ee-d4c7162d0ce4 is {}
[16:21:28:686] [Music Triggers/INFO ]: Global[Data]: Connected on the CLIENT side
[16:21:28:686] [Music Triggers/INFO ]: Global[Data]: onConnected world data for c9047ec1-998e-4684-b9ee-d4c7162d0ce4 is {}
[16:21:28:687] [Music Triggers/INFO ]: PREVIEW | Channel[preview]: Trigger[client_context]: Initializing syncable client side data
[16:21:28:687] [Music Triggers/INFO ]: JUKEBOX | Channel[jukebox]: Trigger[client_context]: Initializing syncable client side data
[16:21:28:687] [Music Triggers/INFO ]: CLIENT | Channel[example]: Trigger[client_context]: Initializing syncable client side data
[16:21:49:965] [Music Triggers/INFO ]: PREVIEW | Channel[preview]: Trigger[client_context]: Clearing syncable client side data
[16:21:49:965] [Music Triggers/INFO ]: JUKEBOX | Channel[jukebox]: Trigger[client_context]: Clearing syncable client side data
[16:21:49:965] [Music Triggers/INFO ]: CLIENT | Channel[example]: Trigger[client_context]: Clearing syncable client side data
[16:21:50:005] [Music Triggers/INFO ]: Global[Data]: Player data for uuid c9047ec1-998e-4684-b9ee-d4c7162d0ce4 is {}
[16:21:50:005] [Music Triggers/INFO ]: Global[Data]: Player data for uuid c9047ec1-998e-4684-b9ee-d4c7162d0ce4 is now {}
[16:21:50:541] [Music Triggers/ERROR]: Global[Data]: Failed to post custom tick!
[16:22:09:896] [Music Triggers/INFO ]: Global[Data]: Constructued init message
[16:22:09:900] [Music Triggers/INFO ]: Global[Data]: Decodeded init message on the server side
[16:22:11:226] [Music Triggers/INFO ]: SERVER | Channel[example]: Successfully registered
[16:22:11:226] [Music Triggers/INFO ]: SERVER | Channel[data(example)]: Loading external data
[16:22:11:226] [Music Triggers/INFO ]: SERVER | Channel[example]: Intialized universal trigger data
[16:22:11:226] [Music Triggers/DEBUG]: SERVER | Channel[data(example)]: Appending 2 universal types
[16:22:11:226] [Music Triggers/INFO ]: SERVER | Channel[data(example)]: Finished loading external data
[16:22:11:226] [Music Triggers/INFO ]: SERVER | Channel[data(example)]: Setting up link targets
[16:22:11:226] [Music Triggers/INFO ]: Global[Data]: Finished loading external channel data
[16:22:11:226] [Music Triggers/INFO ]: SERVER | Channel[example]: Trigger[server_context]: Initializing syncable server side data
[16:22:11:226] [Music Triggers/INFO ]: Global[Data]: SENDING FINISHED INIT MESSAGE
[16:22:11:227] [Music Triggers/INFO ]: Global[Data]: Connected on the SERVER side
[16:22:11:227] [Music Triggers/INFO ]: Global[Data]: onConnected world data for c9047ec1-998e-4684-b9ee-d4c7162d0ce4 is {}
[16:22:11:231] [Music Triggers/INFO ]: Global[Data]: Connected on the CLIENT side
[16:22:11:231] [Music Triggers/INFO ]: Global[Data]: onConnected world data for c9047ec1-998e-4684-b9ee-d4c7162d0ce4 is {}
[16:22:11:231] [Music Triggers/INFO ]: PREVIEW | Channel[preview]: Trigger[client_context]: Initializing syncable client side data
[16:22:11:231] [Music Triggers/INFO ]: JUKEBOX | Channel[jukebox]: Trigger[client_context]: Initializing syncable client side data
[16:22:11:231] [Music Triggers/INFO ]: CLIENT | Channel[example]: Trigger[client_context]: Initializing syncable client side data
[16:23:02:146] [Music Triggers/INFO ]: PREVIEW | Channel[preview]: Trigger[client_context]: Clearing syncable client side data
[16:23:02:146] [Music Triggers/INFO ]: JUKEBOX | Channel[jukebox]: Trigger[client_context]: Clearing syncable client side data
[16:23:02:146] [Music Triggers/INFO ]: CLIENT | Channel[example]: Trigger[client_context]: Clearing syncable client side data
[16:23:02:203] [Music Triggers/INFO ]: Global[Data]: Player data for uuid c9047ec1-998e-4684-b9ee-d4c7162d0ce4 is {}
[16:23:02:203] [Music Triggers/INFO ]: Global[Data]: Player data for uuid c9047ec1-998e-4684-b9ee-d4c7162d0ce4 is now {}
[16:23:02:230] [Music Triggers/ERROR]: Global[Data]: Failed to post custom tick!
[16:24:05:180] [Music Triggers/INFO ]: Global[Data]: Constructued init message
[16:24:05:211] [Music Triggers/INFO ]: Global[Data]: Decodeded init message on the server side
[16:24:06:797] [Music Triggers/INFO ]: SERVER | Channel[example]: Successfully registered
[16:24:06:797] [Music Triggers/INFO ]: SERVER | Channel[data(example)]: Loading external data
[16:24:06:797] [Music Triggers/INFO ]: SERVER | Channel[example]: Intialized universal trigger data
[16:24:06:797] [Music Triggers/DEBUG]: SERVER | Channel[data(example)]: Appending 2 universal types
[16:24:06:797] [Music Triggers/INFO ]: SERVER | Channel[data(example)]: Finished loading external data
[16:24:06:797] [Music Triggers/INFO ]: SERVER | Channel[data(example)]: Setting up link targets
[16:24:06:797] [Music Triggers/INFO ]: Global[Data]: Finished loading external channel data
[16:24:06:797] [Music Triggers/INFO ]: SERVER | Channel[example]: Trigger[server_context]: Initializing syncable server side data
[16:24:06:797] [Music Triggers/INFO ]: Global[Data]: SENDING FINISHED INIT MESSAGE
[16:24:06:798] [Music Triggers/INFO ]: Global[Data]: Connected on the SERVER side
[16:24:06:798] [Music Triggers/INFO ]: Global[Data]: onConnected world data for c9047ec1-998e-4684-b9ee-d4c7162d0ce4 is {}
[16:24:06:802] [Music Triggers/INFO ]: Global[Data]: Connected on the CLIENT side
[16:24:06:802] [Music Triggers/INFO ]: Global[Data]: onConnected world data for c9047ec1-998e-4684-b9ee-d4c7162d0ce4 is {}
[16:24:06:802] [Music Triggers/INFO ]: PREVIEW | Channel[preview]: Trigger[client_context]: Initializing syncable client side data
[16:24:06:802] [Music Triggers/INFO ]: JUKEBOX | Channel[jukebox]: Trigger[client_context]: Initializing syncable client side data
[16:24:06:802] [Music Triggers/INFO ]: CLIENT | Channel[example]: Trigger[client_context]: Initializing syncable client side data
[16:27:19:609] [Music Triggers/INFO ]: PREVIEW | Channel[preview]: Trigger[client_context]: Clearing syncable client side data
[16:27:19:609] [Music Triggers/INFO ]: JUKEBOX | Channel[jukebox]: Trigger[client_context]: Clearing syncable client side data
[16:27:19:609] [Music Triggers/INFO ]: CLIENT | Channel[example]: Trigger[client_context]: Clearing syncable client side data
